<?xml version="1.0" encoding="UTF-8"?>
<!-- Generated by org.testng.reporters.JUnitReportReporter -->
<testsuite hostname="slc04wjn.us.oracle.com" name="oracle.sysman.emSDK.emaas.platform.savedsearch.test.exception.EMAnalyticsWSExceptionTest" tests="4" failures="0" timestamp="28 Feb 2015 03:24:36 GMT" time="0.014" errors="0">
  <testcase name="getErrorCode" time="0.013" classname="oracle.sysman.emSDK.emaas.platform.savedsearch.test.exception.EMAnalyticsWSExceptionTest"/>
  <testcase name="getStatusCode" time="0.000" classname="oracle.sysman.emSDK.emaas.platform.savedsearch.test.exception.EMAnalyticsWSExceptionTest"/>
  <testcase name="getErrorParam" time="0.001" classname="oracle.sysman.emSDK.emaas.platform.savedsearch.test.exception.EMAnalyticsWSExceptionTest"/>
  <testcase name="getLocalizedMessage" time="0.000" classname="oracle.sysman.emSDK.emaas.platform.savedsearch.test.exception.EMAnalyticsWSExceptionTest"/>
</testsuite> <!-- oracle.sysman.emSDK.emaas.platform.savedsearch.test.exception.EMAnalyticsWSExceptionTest -->
