<?xml version="1.0" encoding="UTF-8"?>
<!-- Generated by org.testng.reporters.JUnitReportReporter -->
<testsuite hostname="slc04wjn.us.oracle.com" name="oracle.sysman.emSDK.emaas.platform.savedsearch.test.exception.ImportExceptionTest" tests="4" failures="0" timestamp="28 Feb 2015 03:24:46 GMT" time="0.017" errors="0">
  <testcase name="ImportExceptionStringThrowable" time="0.001" classname="oracle.sysman.emSDK.emaas.platform.savedsearch.test.exception.ImportExceptionTest"/>
  <testcase name="ImportExceptionThrowable" time="0.001" classname="oracle.sysman.emSDK.emaas.platform.savedsearch.test.exception.ImportExceptionTest"/>
  <testcase name="ImportException" time="0.015" classname="oracle.sysman.emSDK.emaas.platform.savedsearch.test.exception.ImportExceptionTest"/>
  <testcase name="ImportExceptionString" time="0.000" classname="oracle.sysman.emSDK.emaas.platform.savedsearch.test.exception.ImportExceptionTest"/>
</testsuite> <!-- oracle.sysman.emSDK.emaas.platform.savedsearch.test.exception.ImportExceptionTest -->
