<?xml version="1.0" encoding="UTF-8"?>
<!-- Generated by org.testng.reporters.JUnitReportReporter -->
<testsuite hostname="slc04wjn.us.oracle.com" name="oracle.sysman.emSDK.emaas.platform.savedsearch.test.widget.WidgetAPITest" tests="1" failures="0" timestamp="28 Feb 2015 03:26:14 GMT" time="1.267" errors="0">
  <testcase name="getAllWidgets" time="1.267" classname="oracle.sysman.emSDK.emaas.platform.savedsearch.test.widget.WidgetAPITest"/>
</testsuite> <!-- oracle.sysman.emSDK.emaas.platform.savedsearch.test.widget.WidgetAPITest -->
