<?xml version="1.0" encoding="UTF-8"?>
<!-- Generated by org.testng.reporters.JUnitReportReporter -->
<testsuite hostname="slc04wjn.us.oracle.com" name="oracle.sysman.emSDK.emaas.platform.savedsearch.test.category.CategoryCRUD" tests="18" failures="0" timestamp="28 Feb 2015 06:13:31 GMT" time="1.279" errors="0">
  <testcase name="getSearchDetailsById" time="0.129" classname="oracle.sysman.emSDK.emaas.platform.savedsearch.test.category.CategoryCRUD"/>
  <testcase name="searchesbyCategory_badRequest" time="0.036" classname="oracle.sysman.emSDK.emaas.platform.savedsearch.test.category.CategoryCRUD"/>
  <testcase name="searchesbyCategory_ParamcaseCheck" time="0.013" classname="oracle.sysman.emSDK.emaas.platform.savedsearch.test.category.CategoryCRUD"/>
  <testcase name="getCategory_wrongName" time="0.026" classname="oracle.sysman.emSDK.emaas.platform.savedsearch.test.category.CategoryCRUD"/>
  <testcase name="searchesbyCategoryParams" time="0.013" classname="oracle.sysman.emSDK.emaas.platform.savedsearch.test.category.CategoryCRUD"/>
  <testcase name="searchesbyCategory_invalid_nameANDid" time="0.015" classname="oracle.sysman.emSDK.emaas.platform.savedsearch.test.category.CategoryCRUD"/>
  <testcase name="getSearchDetailsById_ErrorId" time="0.039" classname="oracle.sysman.emSDK.emaas.platform.savedsearch.test.category.CategoryCRUD"/>
  <testcase name="searchesbyCategoryName" time="0.156" classname="oracle.sysman.emSDK.emaas.platform.savedsearch.test.category.CategoryCRUD"/>
  <testcase name="searchesbyCategoryId" time="0.165" classname="oracle.sysman.emSDK.emaas.platform.savedsearch.test.category.CategoryCRUD"/>
  <testcase name="getCategory_detailsbyId" time="0.197" classname="oracle.sysman.emSDK.emaas.platform.savedsearch.test.category.CategoryCRUD"/>
  <testcase name="searchesbyCategory_querycaseCheck" time="0.016" classname="oracle.sysman.emSDK.emaas.platform.savedsearch.test.category.CategoryCRUD"/>
  <testcase name="searchesbyCategory_3queryParams" time="0.019" classname="oracle.sysman.emSDK.emaas.platform.savedsearch.test.category.CategoryCRUD"/>
  <testcase name="searchesbyCategory_id_notExist" time="0.014" classname="oracle.sysman.emSDK.emaas.platform.savedsearch.test.category.CategoryCRUD"/>
  <testcase name="getCategory_detailsbyName" time="0.209" classname="oracle.sysman.emSDK.emaas.platform.savedsearch.test.category.CategoryCRUD"/>
  <testcase name="listAllCategories" time="0.131" classname="oracle.sysman.emSDK.emaas.platform.savedsearch.test.category.CategoryCRUD"/>
  <testcase name="category_badURLs" time="0.053" classname="oracle.sysman.emSDK.emaas.platform.savedsearch.test.category.CategoryCRUD"/>
  <testcase name="getCategory_noName" time="0.031" classname="oracle.sysman.emSDK.emaas.platform.savedsearch.test.category.CategoryCRUD"/>
  <testcase name="searchesbyCategory_invalid_name" time="0.017" classname="oracle.sysman.emSDK.emaas.platform.savedsearch.test.category.CategoryCRUD"/>
</testsuite> <!-- oracle.sysman.emSDK.emaas.platform.savedsearch.test.category.CategoryCRUD -->
