<?xml version="1.0" encoding="UTF-8"?>
<!-- Generated by org.testng.reporters.JUnitReportReporter -->
<testsuite hostname="slc04wjn.us.oracle.com" name="oracle.sysman.emSDK.emaas.platform.savedsearch.test.widget.WidgetGroupAPITest" tests="1" failures="0" timestamp="28 Feb 2015 03:26:22 GMT" time="0.956" errors="0">
  <testcase name="getAllWidgetsGroup" time="0.956" classname="oracle.sysman.emSDK.emaas.platform.savedsearch.test.widget.WidgetGroupAPITest"/>
</testsuite> <!-- oracle.sysman.emSDK.emaas.platform.savedsearch.test.widget.WidgetGroupAPITest -->
