<?xml version="1.0" encoding="UTF-8"?>
<!-- Generated by org.testng.reporters.JUnitReportReporter -->
<testsuite hostname="slc04wjn.us.oracle.com" name="oracle.sysman.emSDK.emaas.platform.savedsearch.test.navigations.SavedSearchNavigations" tests="4" failures="0" timestamp="28 Feb 2015 03:25:13 GMT" time="0.427" errors="0">
  <testcase name="getMainFolder" time="0.154" classname="oracle.sysman.emSDK.emaas.platform.savedsearch.test.navigations.SavedSearchNavigations"/>
  <testcase name="rootFolderDetails" time="0.142" classname="oracle.sysman.emSDK.emaas.platform.savedsearch.test.navigations.SavedSearchNavigations"/>
  <testcase name="getEntities_nonexistFolderId" time="0.044" classname="oracle.sysman.emSDK.emaas.platform.savedsearch.test.navigations.SavedSearchNavigations"/>
  <testcase name="getallDefaultFolders" time="0.087" classname="oracle.sysman.emSDK.emaas.platform.savedsearch.test.navigations.SavedSearchNavigations"/>
</testsuite> <!-- oracle.sysman.emSDK.emaas.platform.savedsearch.test.navigations.SavedSearchNavigations -->
