<?xml version="1.0" encoding="UTF-8"?>
<!-- Generated by org.testng.reporters.JUnitReportReporter -->
<testsuite hostname="slc04wjn.us.oracle.com" name="oracle.sysman.emSDK.emaas.platform.savedsearch.test.util.JAXBUtilTest" tests="1" failures="0" timestamp="28 Feb 2015 03:25:55 GMT" time="0.380" errors="0">
  <testcase name="getJAXBContext" time="0.380" classname="oracle.sysman.emSDK.emaas.platform.savedsearch.test.util.JAXBUtilTest"/>
</testsuite> <!-- oracle.sysman.emSDK.emaas.platform.savedsearch.test.util.JAXBUtilTest -->
