<?xml version="1.0" encoding="UTF-8"?>
<!-- Generated by org.testng.reporters.JUnitReportReporter -->
<testsuite hostname="slc04wjn.us.oracle.com" name="oracle.sysman.emSDK.emaas.platform.savedsearch.test.util.XSDErrorUtilTest" tests="1" failures="0" timestamp="28 Feb 2015 03:26:03 GMT" time="0.014" errors="0">
  <testcase name="getErrorMessage" time="0.014" classname="oracle.sysman.emSDK.emaas.platform.savedsearch.test.util.XSDErrorUtilTest"/>
</testsuite> <!-- oracle.sysman.emSDK.emaas.platform.savedsearch.test.util.XSDErrorUtilTest -->
