<?xml version="1.0" encoding="UTF-8"?>
<!-- Generated by org.testng.reporters.JUnitReportReporter -->
<testsuite hostname="slc04wjn.us.oracle.com" name="oracle.sysman.emSDK.emaas.platform.savedsearch.test.search.SearchesCRUD" tests="25" failures="0" timestamp="28 Feb 2015 06:12:26 GMT" time="20.672" errors="0">
  <testcase name="returnNolastaccessedSearches_textCount" time="0.014" classname="oracle.sysman.emSDK.emaas.platform.savedsearch.test.search.SearchesCRUD"/>
  <testcase name="returnAllSearches_CategoryId" time="0.014" classname="oracle.sysman.emSDK.emaas.platform.savedsearch.test.search.SearchesCRUD"/>
  <testcase name="search_edit_invalidParam" time="0.211" classname="oracle.sysman.emSDK.emaas.platform.savedsearch.test.search.SearchesCRUD"/>
  <testcase name="search_check_NONexistency" time="0.018" classname="oracle.sysman.emSDK.emaas.platform.savedsearch.test.search.SearchesCRUD"/>
  <testcase name="search_edit" time="0.173" classname="oracle.sysman.emSDK.emaas.platform.savedsearch.test.search.SearchesCRUD"/>
  <testcase name="search_edit_categoryId" time="0.287" classname="oracle.sysman.emSDK.emaas.platform.savedsearch.test.search.SearchesCRUD"/>
  <testcase name="search_missingMandateinfo" time="0.055" classname="oracle.sysman.emSDK.emaas.platform.savedsearch.test.search.SearchesCRUD"/>
  <testcase name="search_remove" time="0.192" classname="oracle.sysman.emSDK.emaas.platform.savedsearch.test.search.SearchesCRUD"/>
  <testcase name="lastaccessedSearches_invalidObjects1" time="0.020" classname="oracle.sysman.emSDK.emaas.platform.savedsearch.test.search.SearchesCRUD"/>
  <testcase name="search_edit_emptyFolderId" time="0.111" classname="oracle.sysman.emSDK.emaas.platform.savedsearch.test.search.SearchesCRUD"/>
  <testcase name="lastaccessedSearches_invalidObjects4" time="0.019" classname="oracle.sysman.emSDK.emaas.platform.savedsearch.test.search.SearchesCRUD"/>
  <testcase name="search_edit_emptyName" time="0.108" classname="oracle.sysman.emSDK.emaas.platform.savedsearch.test.search.SearchesCRUD"/>
  <testcase name="search_createwithEmptyName" time="0.015" classname="oracle.sysman.emSDK.emaas.platform.savedsearch.test.search.SearchesCRUD"/>
  <testcase name="returnNolastaccessedSearches" time="0.042" classname="oracle.sysman.emSDK.emaas.platform.savedsearch.test.search.SearchesCRUD"/>
  <testcase name="returnNolastaccessedSearches_NegCount" time="0.015" classname="oracle.sysman.emSDK.emaas.platform.savedsearch.test.search.SearchesCRUD"/>
  <testcase name="search_create_invalidparamType" time="0.016" classname="oracle.sysman.emSDK.emaas.platform.savedsearch.test.search.SearchesCRUD"/>
  <testcase name="setlastaccesstime_Tosearch_badParameter" time="6.156" classname="oracle.sysman.emSDK.emaas.platform.savedsearch.test.search.SearchesCRUD"/>
  <testcase name="search_create" time="0.192" classname="oracle.sysman.emSDK.emaas.platform.savedsearch.test.search.SearchesCRUD"/>
  <testcase name="search_create_emptyparamName" time="0.017" classname="oracle.sysman.emSDK.emaas.platform.savedsearch.test.search.SearchesCRUD"/>
  <testcase name="setlastaccesstime_Tosearch" time="12.549" classname="oracle.sysman.emSDK.emaas.platform.savedsearch.test.search.SearchesCRUD"/>
  <testcase name="flattenedFolderPath" time="0.364" classname="oracle.sysman.emSDK.emaas.platform.savedsearch.test.search.SearchesCRUD"/>
  <testcase name="search_create_invalidfolderId" time="0.016" classname="oracle.sysman.emSDK.emaas.platform.savedsearch.test.search.SearchesCRUD"/>
  <testcase name="returnAlllastaccessedSearches" time="0.032" classname="oracle.sysman.emSDK.emaas.platform.savedsearch.test.search.SearchesCRUD"/>
  <testcase name="lastaccessedSearches_invalidObjects3" time="0.017" classname="oracle.sysman.emSDK.emaas.platform.savedsearch.test.search.SearchesCRUD"/>
  <testcase name="search_create_invalidCategory" time="0.019" classname="oracle.sysman.emSDK.emaas.platform.savedsearch.test.search.SearchesCRUD"/>
</testsuite> <!-- oracle.sysman.emSDK.emaas.platform.savedsearch.test.search.SearchesCRUD -->
