<?xml version="1.0" encoding="UTF-8"?>
<!-- Generated by org.testng.reporters.JUnitReportReporter -->
<testsuite hostname="slc04wjn.us.oracle.com" name="oracle.sysman.emSDK.emaas.platform.savedsearch.test.folder.FolderCRUD" tests="19" failures="0" timestamp="28 Feb 2015 03:38:34 GMT" time="2.888" errors="0">
  <testcase name="folder_edit_specifiedParentId" time="0.341" classname="oracle.sysman.emSDK.emaas.platform.savedsearch.test.folder.FolderCRUD"/>
  <testcase name="searchesByFolderId" time="0.629" classname="oracle.sysman.emSDK.emaas.platform.savedsearch.test.folder.FolderCRUD"/>
  <testcase name="folder_edit_specifiedParentId_IdIsZero" time="0.327" classname="oracle.sysman.emSDK.emaas.platform.savedsearch.test.folder.FolderCRUD"/>
  <testcase name="folder_InvalidFolderId" time="0.016" classname="oracle.sysman.emSDK.emaas.platform.savedsearch.test.folder.FolderCRUD"/>
  <testcase name="nonexistFolder_Delete" time="0.014" classname="oracle.sysman.emSDK.emaas.platform.savedsearch.test.folder.FolderCRUD"/>
  <testcase name="searchesbyFolder_id_negativeNumber" time="0.011" classname="oracle.sysman.emSDK.emaas.platform.savedsearch.test.folder.FolderCRUD"/>
  <testcase name="folder_create_specifiedParentId" time="0.194" classname="oracle.sysman.emSDK.emaas.platform.savedsearch.test.folder.FolderCRUD"/>
  <testcase name="folder_editwithEmptyName" time="0.083" classname="oracle.sysman.emSDK.emaas.platform.savedsearch.test.folder.FolderCRUD"/>
  <testcase name="folder_missingMandateinfo" time="0.011" classname="oracle.sysman.emSDK.emaas.platform.savedsearch.test.folder.FolderCRUD"/>
  <testcase name="fetchfolder_notExist" time="0.044" classname="oracle.sysman.emSDK.emaas.platform.savedsearch.test.folder.FolderCRUD"/>
  <testcase name="folder_InvalidType" time="0.015" classname="oracle.sysman.emSDK.emaas.platform.savedsearch.test.folder.FolderCRUD"/>
  <testcase name="folder_check_NONexistency" time="0.023" classname="oracle.sysman.emSDK.emaas.platform.savedsearch.test.folder.FolderCRUD"/>
  <testcase name="folder_createwithEmptyName" time="0.017" classname="oracle.sysman.emSDK.emaas.platform.savedsearch.test.folder.FolderCRUD"/>
  <testcase name="folder_create_specifiedParentId_IdIsZero" time="0.240" classname="oracle.sysman.emSDK.emaas.platform.savedsearch.test.folder.FolderCRUD"/>
  <testcase name="folder_invalidParentId" time="0.013" classname="oracle.sysman.emSDK.emaas.platform.savedsearch.test.folder.FolderCRUD"/>
  <testcase name="folder_edit" time="0.218" classname="oracle.sysman.emSDK.emaas.platform.savedsearch.test.folder.FolderCRUD"/>
  <testcase name="getFolderDelete" time="0.124" classname="oracle.sysman.emSDK.emaas.platform.savedsearch.test.folder.FolderCRUD"/>
  <testcase name="folder_create" time="0.536" classname="oracle.sysman.emSDK.emaas.platform.savedsearch.test.folder.FolderCRUD"/>
  <testcase name="folder_missingInfo_path" time="0.032" classname="oracle.sysman.emSDK.emaas.platform.savedsearch.test.folder.FolderCRUD"/>
</testsuite> <!-- oracle.sysman.emSDK.emaas.platform.savedsearch.test.folder.FolderCRUD -->
